STEP to UG
! INFO-     NX STEP AP203 - V2306.1700
! INFO-      
! INFO-     Start of Translation: 12-MAR-2025  9:44:47 PM
! INFO-      
! STATUS-   Converting Part: C:\Users\Clark\Desktop\WaterBlaster\ECE_445_WaterBlaster\cad_files\WaterBlasterV1.0\mdp-000-000.stp
! SUMMARY-   
! SUMMARY-    STEP Header Information
! SUMMARY-   
! SUMMARY-  Description      Unknown
! SUMMARY-  Imp_Level        2;1
! SUMMARY-  File_Name        MDP-000-000_ASM
! SUMMARY-  Date             2021-12-27T00:13:15
! SUMMARY-  Author           Niko Srt
! SUMMARY-  Organization     Audax d.o.o.
! SUMMARY-  Pre_Version      CREO PARAMETRIC BY PTC INC, 2019030
! SUMMARY-  Orig_System      CREO PARAMETRIC BY PTC INC, 2019030
! SUMMARY-  Authorization    Unknown
! SUMMARY-  Schema_ID        config_control_design
! SUMMARY-   
! SUMMARY-    Summary of STEP Entities
! SUMMARY-   
! SUMMARY-  Entity Type                                                   Count
! SUMMARY-  -----------                                                   ------
! SUMMARY-  advanced_brep_shape_representation .........................:     43
! SUMMARY-  advanced_face ..............................................:   2856
! SUMMARY-  application_context ........................................:      1
! SUMMARY-  approval ...................................................:      1
! SUMMARY-  approval_date_time .........................................:      1
! SUMMARY-  approval_person_organization ...............................:      1
! SUMMARY-  approval_role ..............................................:      1
! SUMMARY-  approval_status ............................................:      1
! SUMMARY-  axis1_placement ............................................:      2
! SUMMARY-  axis2_placement_3d .........................................:   5811
! SUMMARY-  b_spline_curve_with_knots ..................................:    872
! SUMMARY-  b_spline_surface_with_knots ................................:    100
! SUMMARY-  b_spline_surface_with_knots_and_rational_b_spline_surface ..:     56
! SUMMARY-  calendar_date ..............................................:      1
! SUMMARY-  cartesian_point ............................................:  39242
! SUMMARY-  circle .....................................................:   2844
! SUMMARY-  closed_shell ...............................................:     45
! SUMMARY-  conical_surface ............................................:    215
! SUMMARY-  context_dependent_shape_representation .....................:    108
! SUMMARY-  conversion_based_unit_and_plane_angle_unit .................:     56
! SUMMARY-  coordinated_universal_time_offset ..........................:      1
! SUMMARY-  cylindrical_surface ........................................:   1081
! SUMMARY-  date_and_time ..............................................:      1
! SUMMARY-  direction ..................................................:  15134
! SUMMARY-  edge_curve .................................................:   7216
! SUMMARY-  edge_loop ..................................................:   3152
! SUMMARY-  face_bound .................................................:    296
! SUMMARY-  face_outer_bound ...........................................:   2856
! SUMMARY-  geometric_representation_context_and_global_uncertainty_a ..:     56
! SUMMARY-  item_defined_transformation ................................:    108
! SUMMARY-  length_unit_and_si_unit ....................................:     56
! SUMMARY-  line .......................................................:   3506
! SUMMARY-  local_time .................................................:      1
! SUMMARY-  manifold_solid_brep ........................................:     45
! SUMMARY-  manifold_surface_shape_representation ......................:      1
! SUMMARY-  next_assembly_usage_occurrence .............................:    108
! SUMMARY-  open_shell .................................................:      5
! SUMMARY-  organization ...............................................:      1
! SUMMARY-  oriented_edge ..............................................:  14424
! SUMMARY-  person .....................................................:      1
! SUMMARY-  person_and_organization ....................................:      1
! SUMMARY-  plane ......................................................:   1138
! SUMMARY-  plane_angle_measure_with_unit ..............................:     56
! SUMMARY-  plane_angle_unit_and_si_unit ...............................:     56
! SUMMARY-  product ....................................................:     56
! SUMMARY-  product_category ...........................................:      2
! SUMMARY-  product_category_relationship ..............................:      2
! SUMMARY-  product_context ............................................:     56
! SUMMARY-  product_definition .........................................:     56
! SUMMARY-  product_definition_context .................................:     28
! SUMMARY-  product_definition_formation_with_specified_source .........:     56
! SUMMARY-  product_definition_shape ...................................:    164
! SUMMARY-  product_related_product_category ...........................:      2
! SUMMARY-  representation_relationship_with_transformation_and_shape ..:    108
! SUMMARY-  shape_representation .......................................:     12
! SUMMARY-  shell_based_surface_model ..................................:      3
! SUMMARY-  si_unit_and_solid_angle_unit ...............................:     56
! SUMMARY-  spherical_surface ..........................................:     26
! SUMMARY-  surface_of_linear_extrusion ................................:      4
! SUMMARY-  surface_of_revolution ......................................:      2
! SUMMARY-  toroidal_surface ...........................................:    234
! SUMMARY-  uncertainty_measure_with_unit ..............................:     56
! SUMMARY-  vector .....................................................:   3510
! SUMMARY-  vertex_point ...............................................:   4571
! SUMMARY-                                                               -------
! SUMMARY-  Total                                                         110561
! STATUS-    
! STATUS-   Converting to Output Form (Phase 2 of 3): 12-MAR-2025 9:44:48 PM
! STATUS-    
! STATUS-    
! STATUS-   Generating UG geometry and placing them in parts
! STATUS-    
! STATUS-   Creating the UG part (Phase 3 of 3): 12-MAR-2025  9:44:54 PM
! INFO-     Filing Part ..: C:\Users\Clark\Desktop\WaterBlaster\ECE_445_WaterBlaster\cad_files\WaterBlasterV1.0\Pump\MDP-300-000
! SUMMARY-   
! SUMMARY-  Summary of Unigraphics Part Entities
! SUMMARY-   
! SUMMARY-  Entities Processed             Count
! SUMMARY-  ------------------             -----
! SUMMARY-  Part Attribute ..............:     5
! SUMMARY-  Reference Set ...............:     2
! SUMMARY-  Solid/Sheet .................:     3
! SUMMARY-                                 -----
! SUMMARY-  Total                             10
! STATUS-   Creating the UG part (Phase 3 of 3): 12-MAR-2025  9:44:54 PM
! INFO-     Filing Part ..: C:\Users\Clark\Desktop\WaterBlaster\ECE_445_WaterBlaster\cad_files\WaterBlasterV1.0\Pump\90012-029-67
! SUMMARY-   
! SUMMARY-  Summary of Unigraphics Part Entities
! SUMMARY-   
! SUMMARY-  Entities Processed             Count
! SUMMARY-  ------------------             -----
! SUMMARY-  Part Attribute ..............:     5
! SUMMARY-  Reference Set ...............:     2
! SUMMARY-  Solid/Sheet .................:     1
! SUMMARY-                                 -----
! SUMMARY-  Total                              8
! STATUS-   Creating the UG part (Phase 3 of 3): 12-MAR-2025  9:44:55 PM
! INFO-     Filing Part ..: C:\Users\Clark\Desktop\WaterBlaster\ECE_445_WaterBlaster\cad_files\WaterBlasterV1.0\Pump\MDP-300-001
! SUMMARY-   
! SUMMARY-  Summary of Unigraphics Part Entities
! SUMMARY-   
! SUMMARY-  Entities Processed             Count
! SUMMARY-  ------------------             -----
! SUMMARY-  Part Attribute ..............:     5
! SUMMARY-  Reference Set ...............:     2
! SUMMARY-  Solid/Sheet .................:     1
! SUMMARY-                                 -----
! SUMMARY-  Total                              8
! STATUS-   Creating the UG part (Phase 3 of 3): 12-MAR-2025  9:44:55 PM
! INFO-     Filing Part ..: C:\Users\Clark\Desktop\WaterBlaster\ECE_445_WaterBlaster\cad_files\WaterBlasterV1.0\Pump\MDP-200-001
! SUMMARY-   
! SUMMARY-  Summary of Unigraphics Part Entities
! SUMMARY-   
! SUMMARY-  Entities Processed             Count
! SUMMARY-  ------------------             -----
! SUMMARY-  Part Attribute ..............:     5
! SUMMARY-  Reference Set ...............:     2
! SUMMARY-  Solid/Sheet .................:     1
! SUMMARY-                                 -----
! SUMMARY-  Total                              8
! STATUS-   Creating the UG part (Phase 3 of 3): 12-MAR-2025  9:44:55 PM
! INFO-     Filing Part ..: C:\Users\Clark\Desktop\WaterBlaster\ECE_445_WaterBlaster\cad_files\WaterBlasterV1.0\Pump\MDP-200-113
! SUMMARY-   
! SUMMARY-  Summary of Unigraphics Part Entities
! SUMMARY-   
! SUMMARY-  Entities Processed             Count
! SUMMARY-  ------------------             -----
! SUMMARY-  Part Attribute ..............:     5
! SUMMARY-  Reference Set ...............:     2
! SUMMARY-  Solid/Sheet .................:     1
! SUMMARY-                                 -----
! SUMMARY-  Total                              8
! STATUS-   Creating the UG part (Phase 3 of 3): 12-MAR-2025  9:44:55 PM
! INFO-     Filing Part ..: C:\Users\Clark\Desktop\WaterBlaster\ECE_445_WaterBlaster\cad_files\WaterBlasterV1.0\Pump\MDP-200-112
! SUMMARY-   
! SUMMARY-  Summary of Unigraphics Part Entities
! SUMMARY-   
! SUMMARY-  Entities Processed             Count
! SUMMARY-  ------------------             -----
! SUMMARY-  Part Attribute ..............:     5
! SUMMARY-  Reference Set ...............:     2
! SUMMARY-  Solid/Sheet .................:     1
! SUMMARY-                                 -----
! SUMMARY-  Total                              8
! STATUS-   Creating the UG part (Phase 3 of 3): 12-MAR-2025  9:44:55 PM
! INFO-     Filing Part ..: C:\Users\Clark\Desktop\WaterBlaster\ECE_445_WaterBlaster\cad_files\WaterBlasterV1.0\Pump\MDP-200-111
! SUMMARY-   
! SUMMARY-  Summary of Unigraphics Part Entities
! SUMMARY-   
! SUMMARY-  Entities Processed             Count
! SUMMARY-  ------------------             -----
! SUMMARY-  Part Attribute ..............:     5
! SUMMARY-  Reference Set ...............:     2
! SUMMARY-  Solid/Sheet .................:     1
! SUMMARY-                                 -----
! SUMMARY-  Total                              8
! STATUS-   Creating the UG part (Phase 3 of 3): 12-MAR-2025  9:44:55 PM
! INFO-     Filing Part ..: C:\Users\Clark\Desktop\WaterBlaster\ECE_445_WaterBlaster\cad_files\WaterBlasterV1.0\Pump\MDP-200-110
! SUMMARY-   
! SUMMARY-  Summary of Unigraphics Part Entities
! SUMMARY-   
! SUMMARY-  Entities Processed             Count
! SUMMARY-  ------------------             -----
! SUMMARY-  Part Attribute ..............:     5
! SUMMARY-  Reference Set ...............:     2
! SUMMARY-  Solid/Sheet .................:     1
! SUMMARY-                                 -----
! SUMMARY-  Total                              8
! STATUS-   Creating the UG part (Phase 3 of 3): 12-MAR-2025  9:44:55 PM
! INFO-     Filing Part ..: C:\Users\Clark\Desktop\WaterBlaster\ECE_445_WaterBlaster\cad_files\WaterBlasterV1.0\Pump\_SKF_619_5-2Z_PART4
! SUMMARY-   
! SUMMARY-  Summary of Unigraphics Part Entities
! SUMMARY-   
! SUMMARY-  Entities Processed             Count
! SUMMARY-  ------------------             -----
! SUMMARY-                                 -----
! SUMMARY-  Total                              0
! STATUS-   Creating the UG part (Phase 3 of 3): 12-MAR-2025  9:44:55 PM
! INFO-     Filing Part ..: C:\Users\Clark\Desktop\WaterBlaster\ECE_445_WaterBlaster\cad_files\WaterBlasterV1.0\Pump\_SKF_619_5-2Z_PART3
! SUMMARY-   
! SUMMARY-  Summary of Unigraphics Part Entities
! SUMMARY-   
! SUMMARY-  Entities Processed             Count
! SUMMARY-  ------------------             -----
! SUMMARY-  Part Attribute ..............:     5
! SUMMARY-  Reference Set ...............:     2
! SUMMARY-  Solid/Sheet .................:     1
! SUMMARY-                                 -----
! SUMMARY-  Total                              8
! STATUS-   Creating the UG part (Phase 3 of 3): 12-MAR-2025  9:44:55 PM
! INFO-     Filing Part ..: C:\Users\Clark\Desktop\WaterBlaster\ECE_445_WaterBlaster\cad_files\WaterBlasterV1.0\Pump\_SKF_619_5-2Z_PART2
! SUMMARY-   
! SUMMARY-  Summary of Unigraphics Part Entities
! SUMMARY-   
! SUMMARY-  Entities Processed             Count
! SUMMARY-  ------------------             -----
! SUMMARY-  Part Attribute ..............:     5
! SUMMARY-  Reference Set ...............:     2
! SUMMARY-  Solid/Sheet .................:     1
! SUMMARY-                                 -----
! SUMMARY-  Total                              8
! STATUS-   Creating the UG part (Phase 3 of 3): 12-MAR-2025  9:44:55 PM
! INFO-     Filing Part ..: C:\Users\Clark\Desktop\WaterBlaster\ECE_445_WaterBlaster\cad_files\WaterBlasterV1.0\Pump\_SKF_619_5-2Z_PART1
! SUMMARY-   
! SUMMARY-  Summary of Unigraphics Part Entities
! SUMMARY-   
! SUMMARY-  Entities Processed             Count
! SUMMARY-  ------------------             -----
! SUMMARY-  Part Attribute ..............:     5
! SUMMARY-  Reference Set ...............:     2
! SUMMARY-  Solid/Sheet .................:     1
! SUMMARY-                                 -----
! SUMMARY-  Total                              8
! STATUS-   Creating the UG part (Phase 3 of 3): 12-MAR-2025  9:44:55 PM
! INFO-     Filing Part ..: C:\Users\Clark\Desktop\WaterBlaster\ECE_445_WaterBlaster\cad_files\WaterBlasterV1.0\Pump\MDP-200-109
! SUMMARY-   
! SUMMARY-  Summary of Unigraphics Part Entities
! SUMMARY-   
! SUMMARY-  Entities Processed             Count
! SUMMARY-  ------------------             -----
! SUMMARY-  Part Attribute ..............:     5
! SUMMARY-  Reference Set ...............:     2
! SUMMARY-  Solid/Sheet .................:     1
! SUMMARY-                                 -----
! SUMMARY-  Total                              8
! STATUS-   Creating the UG part (Phase 3 of 3): 12-MAR-2025  9:44:55 PM
! INFO-     Filing Part ..: C:\Users\Clark\Desktop\WaterBlaster\ECE_445_WaterBlaster\cad_files\WaterBlasterV1.0\Pump\MDP-200-108
! SUMMARY-   
! SUMMARY-  Summary of Unigraphics Part Entities
! SUMMARY-   
! SUMMARY-  Entities Processed             Count
! SUMMARY-  ------------------             -----
! SUMMARY-  Part Attribute ..............:     5
! SUMMARY-  Reference Set ...............:     2
! SUMMARY-  Solid/Sheet .................:     1
! SUMMARY-                                 -----
! SUMMARY-  Total                              8
! STATUS-   Creating the UG part (Phase 3 of 3): 12-MAR-2025  9:44:55 PM
! INFO-     Filing Part ..: C:\Users\Clark\Desktop\WaterBlaster\ECE_445_WaterBlaster\cad_files\WaterBlasterV1.0\Pump\MDP-200-107
! SUMMARY-   
! SUMMARY-  Summary of Unigraphics Part Entities
! SUMMARY-   
! SUMMARY-  Entities Processed             Count
! SUMMARY-  ------------------             -----
! SUMMARY-  Part Attribute ..............:     5
! SUMMARY-  Reference Set ...............:     2
! SUMMARY-  Solid/Sheet .................:     1
! SUMMARY-                                 -----
! SUMMARY-  Total                              8
! STATUS-   Creating the UG part (Phase 3 of 3): 12-MAR-2025  9:44:55 PM
! INFO-     Filing Part ..: C:\Users\Clark\Desktop\WaterBlaster\ECE_445_WaterBlaster\cad_files\WaterBlasterV1.0\Pump\_SKF_W_636-2RS1_PART3
! SUMMARY-   
! SUMMARY-  Summary of Unigraphics Part Entities
! SUMMARY-   
! SUMMARY-  Entities Processed             Count
! SUMMARY-  ------------------             -----
! SUMMARY-  Part Attribute ..............:     5
! SUMMARY-  Reference Set ...............:     2
! SUMMARY-  Solid/Sheet .................:     1
! SUMMARY-                                 -----
! SUMMARY-  Total                              8
! STATUS-   Creating the UG part (Phase 3 of 3): 12-MAR-2025  9:44:55 PM
! INFO-     Filing Part ..: C:\Users\Clark\Desktop\WaterBlaster\ECE_445_WaterBlaster\cad_files\WaterBlasterV1.0\Pump\_SKF_W_636-2RS1_PART2
! SUMMARY-   
! SUMMARY-  Summary of Unigraphics Part Entities
! SUMMARY-   
! SUMMARY-  Entities Processed             Count
! SUMMARY-  ------------------             -----
! SUMMARY-  Part Attribute ..............:     5
! SUMMARY-  Reference Set ...............:     2
! SUMMARY-  Solid/Sheet .................:     1
! SUMMARY-                                 -----
! SUMMARY-  Total                              8
! STATUS-   Creating the UG part (Phase 3 of 3): 12-MAR-2025  9:44:55 PM
! INFO-     Filing Part ..: C:\Users\Clark\Desktop\WaterBlaster\ECE_445_WaterBlaster\cad_files\WaterBlasterV1.0\Pump\_SKF_W_636-2RS1_PART1
! SUMMARY-   
! SUMMARY-  Summary of Unigraphics Part Entities
! SUMMARY-   
! SUMMARY-  Entities Processed             Count
! SUMMARY-  ------------------             -----
! SUMMARY-  Part Attribute ..............:     5
! SUMMARY-  Reference Set ...............:     2
! SUMMARY-  Solid/Sheet .................:     1
! SUMMARY-                                 -----
! SUMMARY-  Total                              8
! STATUS-   Creating the UG part (Phase 3 of 3): 12-MAR-2025  9:44:55 PM
! INFO-     Filing Part ..: C:\Users\Clark\Desktop\WaterBlaster\ECE_445_WaterBlaster\cad_files\WaterBlasterV1.0\Pump\MDP-200-106
! SUMMARY-   
! SUMMARY-  Summary of Unigraphics Part Entities
! SUMMARY-   
! SUMMARY-  Entities Processed             Count
! SUMMARY-  ------------------             -----
! SUMMARY-  Part Attribute ..............:     5
! SUMMARY-  Reference Set ...............:     2
! SUMMARY-  Solid/Sheet .................:     1
! SUMMARY-                                 -----
! SUMMARY-  Total                              8
! STATUS-   Creating the UG part (Phase 3 of 3): 12-MAR-2025  9:44:55 PM
! INFO-     Filing Part ..: C:\Users\Clark\Desktop\WaterBlaster\ECE_445_WaterBlaster\cad_files\WaterBlasterV1.0\Pump\MDP-200-105
! SUMMARY-   
! SUMMARY-  Summary of Unigraphics Part Entities
! SUMMARY-   
! SUMMARY-  Entities Processed             Count
! SUMMARY-  ------------------             -----
! SUMMARY-  Part Attribute ..............:     5
! SUMMARY-  Reference Set ...............:     2
! SUMMARY-  Solid/Sheet .................:     1
! SUMMARY-                                 -----
! SUMMARY-  Total                              8
! STATUS-   Creating the UG part (Phase 3 of 3): 12-MAR-2025  9:44:56 PM
! INFO-     Filing Part ..: C:\Users\Clark\Desktop\WaterBlaster\ECE_445_WaterBlaster\cad_files\WaterBlasterV1.0\Pump\MDP-200-104
! SUMMARY-   
! SUMMARY-  Summary of Unigraphics Part Entities
! SUMMARY-   
! SUMMARY-  Entities Processed             Count
! SUMMARY-  ------------------             -----
! SUMMARY-  Part Attribute ..............:     5
! SUMMARY-  Reference Set ...............:     2
! SUMMARY-  Solid/Sheet .................:     1
! SUMMARY-                                 -----
! SUMMARY-  Total                              8
! STATUS-   Creating the UG part (Phase 3 of 3): 12-MAR-2025  9:44:56 PM
! INFO-     Filing Part ..: C:\Users\Clark\Desktop\WaterBlaster\ECE_445_WaterBlaster\cad_files\WaterBlasterV1.0\Pump\DIN7991-M4X10
! SUMMARY-   
! SUMMARY-  Summary of Unigraphics Part Entities
! SUMMARY-   
! SUMMARY-  Entities Processed             Count
! SUMMARY-  ------------------             -----
! SUMMARY-  Part Attribute ..............:     5
! SUMMARY-  Reference Set ...............:     3
! SUMMARY-  Solid/Sheet .................:     2
! SUMMARY-                                 -----
! SUMMARY-  Total                             10
! STATUS-   Creating the UG part (Phase 3 of 3): 12-MAR-2025  9:44:56 PM
! INFO-     Filing Part ..: C:\Users\Clark\Desktop\WaterBlaster\ECE_445_WaterBlaster\cad_files\WaterBlasterV1.0\Pump\MDP-200-103
! SUMMARY-   
! SUMMARY-  Summary of Unigraphics Part Entities
! SUMMARY-   
! SUMMARY-  Entities Processed             Count
! SUMMARY-  ------------------             -----
! SUMMARY-  Part Attribute ..............:     5
! SUMMARY-  Reference Set ...............:     2
! SUMMARY-  Solid/Sheet .................:     1
! SUMMARY-                                 -----
! SUMMARY-  Total                              8
! STATUS-   Creating the UG part (Phase 3 of 3): 12-MAR-2025  9:44:56 PM
! INFO-     Filing Part ..: C:\Users\Clark\Desktop\WaterBlaster\ECE_445_WaterBlaster\cad_files\WaterBlasterV1.0\Pump\MDP-200-102
! SUMMARY-   
! SUMMARY-  Summary of Unigraphics Part Entities
! SUMMARY-   
! SUMMARY-  Entities Processed             Count
! SUMMARY-  ------------------             -----
! SUMMARY-  Part Attribute ..............:     5
! SUMMARY-  Reference Set ...............:     2
! SUMMARY-  Solid/Sheet .................:     1
! SUMMARY-                                 -----
! SUMMARY-  Total                              8
! STATUS-   Creating the UG part (Phase 3 of 3): 12-MAR-2025  9:44:56 PM
! INFO-     Filing Part ..: C:\Users\Clark\Desktop\WaterBlaster\ECE_445_WaterBlaster\cad_files\WaterBlasterV1.0\Pump\MDP-200-101
! SUMMARY-   
! SUMMARY-  Summary of Unigraphics Part Entities
! SUMMARY-   
! SUMMARY-  Entities Processed             Count
! SUMMARY-  ------------------             -----
! SUMMARY-  Part Attribute ..............:     5
! SUMMARY-  Reference Set ...............:     2
! SUMMARY-  Solid/Sheet .................:     1
! SUMMARY-                                 -----
! SUMMARY-  Total                              8
! STATUS-   Creating the UG part (Phase 3 of 3): 12-MAR-2025  9:44:56 PM
! INFO-     Filing Part ..: C:\Users\Clark\Desktop\WaterBlaster\ECE_445_WaterBlaster\cad_files\WaterBlasterV1.0\Pump\MDP-100-021
! SUMMARY-   
! SUMMARY-  Summary of Unigraphics Part Entities
! SUMMARY-   
! SUMMARY-  Entities Processed             Count
! SUMMARY-  ------------------             -----
! SUMMARY-  Part Attribute ..............:     5
! SUMMARY-  Reference Set ...............:     2
! SUMMARY-  Solid/Sheet .................:     1
! SUMMARY-                                 -----
! SUMMARY-  Total                              8
! STATUS-   Creating the UG part (Phase 3 of 3): 12-MAR-2025  9:44:56 PM
! INFO-     Filing Part ..: C:\Users\Clark\Desktop\WaterBlaster\ECE_445_WaterBlaster\cad_files\WaterBlasterV1.0\Pump\MDP-100-020
! SUMMARY-   
! SUMMARY-  Summary of Unigraphics Part Entities
! SUMMARY-   
! SUMMARY-  Entities Processed             Count
! SUMMARY-  ------------------             -----
! SUMMARY-  Part Attribute ..............:     5
! SUMMARY-  Reference Set ...............:     2
! SUMMARY-  Solid/Sheet .................:     1
! SUMMARY-                                 -----
! SUMMARY-  Total                              8
! STATUS-   Creating the UG part (Phase 3 of 3): 12-MAR-2025  9:44:56 PM
! INFO-     Filing Part ..: C:\Users\Clark\Desktop\WaterBlaster\ECE_445_WaterBlaster\cad_files\WaterBlasterV1.0\Pump\MDP-100-019
! SUMMARY-   
! SUMMARY-  Summary of Unigraphics Part Entities
! SUMMARY-   
! SUMMARY-  Entities Processed             Count
! SUMMARY-  ------------------             -----
! SUMMARY-  Part Attribute ..............:     5
! SUMMARY-  Reference Set ...............:     2
! SUMMARY-  Solid/Sheet .................:     1
! SUMMARY-                                 -----
! SUMMARY-  Total                              8
! STATUS-   Creating the UG part (Phase 3 of 3): 12-MAR-2025  9:44:56 PM
! INFO-     Filing Part ..: C:\Users\Clark\Desktop\WaterBlaster\ECE_445_WaterBlaster\cad_files\WaterBlasterV1.0\Pump\MDP-100-018
! SUMMARY-   
! SUMMARY-  Summary of Unigraphics Part Entities
! SUMMARY-   
! SUMMARY-  Entities Processed             Count
! SUMMARY-  ------------------             -----
! SUMMARY-  Part Attribute ..............:     5
! SUMMARY-  Reference Set ...............:     2
! SUMMARY-  Solid/Sheet .................:     1
! SUMMARY-                                 -----
! SUMMARY-  Total                              8
! STATUS-   Creating the UG part (Phase 3 of 3): 12-MAR-2025  9:44:56 PM
! INFO-     Filing Part ..: C:\Users\Clark\Desktop\WaterBlaster\ECE_445_WaterBlaster\cad_files\WaterBlasterV1.0\Pump\MDP-100-017
! SUMMARY-   
! SUMMARY-  Summary of Unigraphics Part Entities
! SUMMARY-   
! SUMMARY-  Entities Processed             Count
! SUMMARY-  ------------------             -----
! SUMMARY-  Part Attribute ..............:     5
! SUMMARY-  Reference Set ...............:     2
! SUMMARY-  Solid/Sheet .................:     1
! SUMMARY-                                 -----
! SUMMARY-  Total                              8
! STATUS-   Creating the UG part (Phase 3 of 3): 12-MAR-2025  9:44:57 PM
! INFO-     Filing Part ..: C:\Users\Clark\Desktop\WaterBlaster\ECE_445_WaterBlaster\cad_files\WaterBlasterV1.0\Pump\MDP-100-016
! SUMMARY-   
! SUMMARY-  Summary of Unigraphics Part Entities
! SUMMARY-   
! SUMMARY-  Entities Processed             Count
! SUMMARY-  ------------------             -----
! SUMMARY-  Part Attribute ..............:     5
! SUMMARY-  Reference Set ...............:     2
! SUMMARY-  Solid/Sheet .................:     1
! SUMMARY-                                 -----
! SUMMARY-  Total                              8
! STATUS-   Creating the UG part (Phase 3 of 3): 12-MAR-2025  9:44:57 PM
! INFO-     Filing Part ..: C:\Users\Clark\Desktop\WaterBlaster\ECE_445_WaterBlaster\cad_files\WaterBlasterV1.0\Pump\MDP-100-015
! SUMMARY-   
! SUMMARY-  Summary of Unigraphics Part Entities
! SUMMARY-   
! SUMMARY-  Entities Processed             Count
! SUMMARY-  ------------------             -----
! SUMMARY-  Part Attribute ..............:     5
! SUMMARY-  Reference Set ...............:     2
! SUMMARY-  Solid/Sheet .................:     1
! SUMMARY-                                 -----
! SUMMARY-  Total                              8
! STATUS-   Creating the UG part (Phase 3 of 3): 12-MAR-2025  9:44:57 PM
! INFO-     Filing Part ..: C:\Users\Clark\Desktop\WaterBlaster\ECE_445_WaterBlaster\cad_files\WaterBlasterV1.0\Pump\MDP-100-013
! SUMMARY-   
! SUMMARY-  Summary of Unigraphics Part Entities
! SUMMARY-   
! SUMMARY-  Entities Processed             Count
! SUMMARY-  ------------------             -----
! SUMMARY-  Part Attribute ..............:     5
! SUMMARY-  Reference Set ...............:     2
! SUMMARY-  Solid/Sheet .................:     1
! SUMMARY-                                 -----
! SUMMARY-  Total                              8
! STATUS-   Creating the UG part (Phase 3 of 3): 12-MAR-2025  9:44:57 PM
! INFO-     Filing Part ..: C:\Users\Clark\Desktop\WaterBlaster\ECE_445_WaterBlaster\cad_files\WaterBlasterV1.0\Pump\MDP-100-014
! SUMMARY-   
! SUMMARY-  Summary of Unigraphics Part Entities
! SUMMARY-   
! SUMMARY-  Entities Processed             Count
! SUMMARY-  ------------------             -----
! SUMMARY-  Part Attribute ..............:     5
! SUMMARY-  Reference Set ...............:     2
! SUMMARY-  Solid/Sheet .................:     1
! SUMMARY-                                 -----
! SUMMARY-  Total                              8
! STATUS-   Creating the UG part (Phase 3 of 3): 12-MAR-2025  9:44:57 PM
! INFO-     Filing Part ..: C:\Users\Clark\Desktop\WaterBlaster\ECE_445_WaterBlaster\cad_files\WaterBlasterV1.0\Pump\MDP-100-012
! SUMMARY-   
! SUMMARY-  Summary of Unigraphics Part Entities
! SUMMARY-   
! SUMMARY-  Entities Processed             Count
! SUMMARY-  ------------------             -----
! SUMMARY-  Part Attribute ..............:     5
! SUMMARY-  Reference Set ...............:     2
! SUMMARY-  Solid/Sheet .................:     1
! SUMMARY-                                 -----
! SUMMARY-  Total                              8
! STATUS-   Creating the UG part (Phase 3 of 3): 12-MAR-2025  9:44:57 PM
! INFO-     Filing Part ..: C:\Users\Clark\Desktop\WaterBlaster\ECE_445_WaterBlaster\cad_files\WaterBlasterV1.0\Pump\MDP-100-011
! SUMMARY-   
! SUMMARY-  Summary of Unigraphics Part Entities
! SUMMARY-   
! SUMMARY-  Entities Processed             Count
! SUMMARY-  ------------------             -----
! SUMMARY-  Part Attribute ..............:     5
! SUMMARY-  Reference Set ...............:     2
! SUMMARY-  Solid/Sheet .................:     1
! SUMMARY-                                 -----
! SUMMARY-  Total                              8
! STATUS-   Creating the UG part (Phase 3 of 3): 12-MAR-2025  9:44:57 PM
! INFO-     Filing Part ..: C:\Users\Clark\Desktop\WaterBlaster\ECE_445_WaterBlaster\cad_files\WaterBlasterV1.0\Pump\DIN7985-M4X16
! SUMMARY-   
! SUMMARY-  Summary of Unigraphics Part Entities
! SUMMARY-   
! SUMMARY-  Entities Processed             Count
! SUMMARY-  ------------------             -----
! SUMMARY-  Part Attribute ..............:     5
! SUMMARY-  Reference Set ...............:     3
! SUMMARY-  Solid/Sheet .................:     2
! SUMMARY-                                 -----
! SUMMARY-  Total                             10
! STATUS-   Creating the UG part (Phase 3 of 3): 12-MAR-2025  9:44:57 PM
! INFO-     Filing Part ..: C:\Users\Clark\Desktop\WaterBlaster\ECE_445_WaterBlaster\cad_files\WaterBlasterV1.0\Pump\MDP-100-010
! SUMMARY-   
! SUMMARY-  Summary of Unigraphics Part Entities
! SUMMARY-   
! SUMMARY-  Entities Processed             Count
! SUMMARY-  ------------------             -----
! SUMMARY-  Part Attribute ..............:     5
! SUMMARY-  Reference Set ...............:     2
! SUMMARY-  Solid/Sheet .................:     1
! SUMMARY-                                 -----
! SUMMARY-  Total                              8
! STATUS-   Creating the UG part (Phase 3 of 3): 12-MAR-2025  9:44:57 PM
! INFO-     Filing Part ..: C:\Users\Clark\Desktop\WaterBlaster\ECE_445_WaterBlaster\cad_files\WaterBlasterV1.0\Pump\MDP-100-009
! SUMMARY-   
! SUMMARY-  Summary of Unigraphics Part Entities
! SUMMARY-   
! SUMMARY-  Entities Processed             Count
! SUMMARY-  ------------------             -----
! SUMMARY-  Part Attribute ..............:     5
! SUMMARY-  Reference Set ...............:     2
! SUMMARY-  Solid/Sheet .................:     1
! SUMMARY-                                 -----
! SUMMARY-  Total                              8
! STATUS-   Creating the UG part (Phase 3 of 3): 12-MAR-2025  9:44:57 PM
! INFO-     Filing Part ..: C:\Users\Clark\Desktop\WaterBlaster\ECE_445_WaterBlaster\cad_files\WaterBlasterV1.0\Pump\MDP-100-008
! SUMMARY-   
! SUMMARY-  Summary of Unigraphics Part Entities
! SUMMARY-   
! SUMMARY-  Entities Processed             Count
! SUMMARY-  ------------------             -----
! SUMMARY-  Part Attribute ..............:     5
! SUMMARY-  Reference Set ...............:     2
! SUMMARY-  Solid/Sheet .................:     1
! SUMMARY-                                 -----
! SUMMARY-  Total                              8
! STATUS-   Creating the UG part (Phase 3 of 3): 12-MAR-2025  9:44:57 PM
! INFO-     Filing Part ..: C:\Users\Clark\Desktop\WaterBlaster\ECE_445_WaterBlaster\cad_files\WaterBlasterV1.0\Pump\MDP-100-007
! SUMMARY-   
! SUMMARY-  Summary of Unigraphics Part Entities
! SUMMARY-   
! SUMMARY-  Entities Processed             Count
! SUMMARY-  ------------------             -----
! SUMMARY-  Part Attribute ..............:     5
! SUMMARY-  Reference Set ...............:     2
! SUMMARY-  Solid/Sheet .................:     1
! SUMMARY-                                 -----
! SUMMARY-  Total                              8
! STATUS-   Creating the UG part (Phase 3 of 3): 12-MAR-2025  9:44:57 PM
! INFO-     Filing Part ..: C:\Users\Clark\Desktop\WaterBlaster\ECE_445_WaterBlaster\cad_files\WaterBlasterV1.0\Pump\MDP-100-006
! SUMMARY-   
! SUMMARY-  Summary of Unigraphics Part Entities
! SUMMARY-   
! SUMMARY-  Entities Processed             Count
! SUMMARY-  ------------------             -----
! SUMMARY-  Part Attribute ..............:     5
! SUMMARY-  Reference Set ...............:     2
! SUMMARY-  Solid/Sheet .................:     1
! SUMMARY-                                 -----
! SUMMARY-  Total                              8
! STATUS-   Creating the UG part (Phase 3 of 3): 12-MAR-2025  9:44:57 PM
! INFO-     Filing Part ..: C:\Users\Clark\Desktop\WaterBlaster\ECE_445_WaterBlaster\cad_files\WaterBlasterV1.0\Pump\MDP-100-005
! SUMMARY-   
! SUMMARY-  Summary of Unigraphics Part Entities
! SUMMARY-   
! SUMMARY-  Entities Processed             Count
! SUMMARY-  ------------------             -----
! SUMMARY-  Part Attribute ..............:     5
! SUMMARY-  Reference Set ...............:     2
! SUMMARY-  Solid/Sheet .................:     1
! SUMMARY-                                 -----
! SUMMARY-  Total                              8
! STATUS-   Creating the UG part (Phase 3 of 3): 12-MAR-2025  9:44:58 PM
! INFO-     Filing Part ..: C:\Users\Clark\Desktop\WaterBlaster\ECE_445_WaterBlaster\cad_files\WaterBlasterV1.0\Pump\MDP-100-004
! SUMMARY-   
! SUMMARY-  Summary of Unigraphics Part Entities
! SUMMARY-   
! SUMMARY-  Entities Processed             Count
! SUMMARY-  ------------------             -----
! SUMMARY-  Part Attribute ..............:     5
! SUMMARY-  Reference Set ...............:     2
! SUMMARY-  Solid/Sheet .................:     1
! SUMMARY-                                 -----
! SUMMARY-  Total                              8
! STATUS-   Creating the UG part (Phase 3 of 3): 12-MAR-2025  9:44:58 PM
! INFO-     Filing Part ..: C:\Users\Clark\Desktop\WaterBlaster\ECE_445_WaterBlaster\cad_files\WaterBlasterV1.0\Pump\MDP-100-003
! SUMMARY-   
! SUMMARY-  Summary of Unigraphics Part Entities
! SUMMARY-   
! SUMMARY-  Entities Processed             Count
! SUMMARY-  ------------------             -----
! SUMMARY-  Part Attribute ..............:     5
! SUMMARY-  Reference Set ...............:     2
! SUMMARY-  Solid/Sheet .................:     1
! SUMMARY-                                 -----
! SUMMARY-  Total                              8
! STATUS-   Creating the UG part (Phase 3 of 3): 12-MAR-2025  9:44:58 PM
! INFO-     Filing Part ..: C:\Users\Clark\Desktop\WaterBlaster\ECE_445_WaterBlaster\cad_files\WaterBlasterV1.0\Pump\MDP-100-002
! SUMMARY-   
! SUMMARY-  Summary of Unigraphics Part Entities
! SUMMARY-   
! SUMMARY-  Entities Processed             Count
! SUMMARY-  ------------------             -----
! SUMMARY-  Part Attribute ..............:     5
! SUMMARY-  Reference Set ...............:     2
! SUMMARY-  Solid/Sheet .................:     1
! SUMMARY-                                 -----
! SUMMARY-  Total                              8
! STATUS-   Creating the UG part (Phase 3 of 3): 12-MAR-2025  9:44:58 PM
! INFO-     Filing Part ..: C:\Users\Clark\Desktop\WaterBlaster\ECE_445_WaterBlaster\cad_files\WaterBlasterV1.0\Pump\MDP-100-001
! SUMMARY-   
! SUMMARY-  Summary of Unigraphics Part Entities
! SUMMARY-   
! SUMMARY-  Entities Processed             Count
! SUMMARY-  ------------------             -----
! SUMMARY-  Part Attribute ..............:     5
! SUMMARY-  Reference Set ...............:     2
! SUMMARY-  Solid/Sheet .................:     1
! SUMMARY-                                 -----
! SUMMARY-  Total                              8
! STATUS-   Creating the UG part (Phase 3 of 3): 12-MAR-2025  9:44:58 PM
! INFO-     Filing Part ..: C:\Users\Clark\Desktop\WaterBlaster\ECE_445_WaterBlaster\cad_files\WaterBlasterV1.0\Pump\MDP-300-000_ASM
! SUMMARY-   
! SUMMARY-  Summary of Unigraphics Part Entities
! SUMMARY-   
! SUMMARY-  Entities Processed             Count
! SUMMARY-  ------------------             -----
! SUMMARY-  Part Attribute ..............:     5
! SUMMARY-  Component ...................:     6
! SUMMARY-                                 -----
! SUMMARY-  Total                             11
! STATUS-   Creating the UG part (Phase 3 of 3): 12-MAR-2025  9:44:58 PM
! INFO-     Filing Part ..: C:\Users\Clark\Desktop\WaterBlaster\ECE_445_WaterBlaster\cad_files\WaterBlasterV1.0\Pump\SKF_W_636-2RS1_1_ASM
! SUMMARY-   
! SUMMARY-  Summary of Unigraphics Part Entities
! SUMMARY-   
! SUMMARY-  Entities Processed             Count
! SUMMARY-  ------------------             -----
! SUMMARY-  Part Attribute ..............:     5
! SUMMARY-  Component ...................:     9
! SUMMARY-                                 -----
! SUMMARY-  Total                             14
! STATUS-   Creating the UG part (Phase 3 of 3): 12-MAR-2025  9:44:58 PM
! INFO-     Filing Part ..: C:\Users\Clark\Desktop\WaterBlaster\ECE_445_WaterBlaster\cad_files\WaterBlasterV1.0\Pump\SKF_W_636-2RS1_ASM
! SUMMARY-   
! SUMMARY-  Summary of Unigraphics Part Entities
! SUMMARY-   
! SUMMARY-  Entities Processed             Count
! SUMMARY-  ------------------             -----
! SUMMARY-  Part Attribute ..............:     5
! SUMMARY-  Component ...................:     1
! SUMMARY-                                 -----
! SUMMARY-  Total                              6
! STATUS-   Creating the UG part (Phase 3 of 3): 12-MAR-2025  9:44:58 PM
! INFO-     Filing Part ..: C:\Users\Clark\Desktop\WaterBlaster\ECE_445_WaterBlaster\cad_files\WaterBlasterV1.0\Pump\SKF_619_5-2Z_1_ASM
! SUMMARY-   
! SUMMARY-  Summary of Unigraphics Part Entities
! SUMMARY-   
! SUMMARY-  Entities Processed             Count
! SUMMARY-  ------------------             -----
! SUMMARY-  Part Attribute ..............:     5
! SUMMARY-  Component ...................:    18
! SUMMARY-                                 -----
! SUMMARY-  Total                             23
! STATUS-   Creating the UG part (Phase 3 of 3): 12-MAR-2025  9:44:58 PM
! INFO-     Filing Part ..: C:\Users\Clark\Desktop\WaterBlaster\ECE_445_WaterBlaster\cad_files\WaterBlasterV1.0\Pump\SKF_619_5-2Z_ASM
! SUMMARY-   
! SUMMARY-  Summary of Unigraphics Part Entities
! SUMMARY-   
! SUMMARY-  Entities Processed             Count
! SUMMARY-  ------------------             -----
! SUMMARY-  Part Attribute ..............:     5
! SUMMARY-  Component ...................:     1
! SUMMARY-                                 -----
! SUMMARY-  Total                              6
! STATUS-   Creating the UG part (Phase 3 of 3): 12-MAR-2025  9:44:58 PM
! INFO-     Filing Part ..: C:\Users\Clark\Desktop\WaterBlaster\ECE_445_WaterBlaster\cad_files\WaterBlasterV1.0\Pump\MDP-200-100_ASM
! SUMMARY-   
! SUMMARY-  Summary of Unigraphics Part Entities
! SUMMARY-   
! SUMMARY-  Entities Processed             Count
! SUMMARY-  ------------------             -----
! SUMMARY-  Part Attribute ..............:     5
! SUMMARY-  Component ...................:    21
! SUMMARY-                                 -----
! SUMMARY-  Total                             26
! STATUS-   Creating the UG part (Phase 3 of 3): 12-MAR-2025  9:44:58 PM
! INFO-     Filing Part ..: C:\Users\Clark\Desktop\WaterBlaster\ECE_445_WaterBlaster\cad_files\WaterBlasterV1.0\Pump\MDP-200-000_ASM
! SUMMARY-   
! SUMMARY-  Summary of Unigraphics Part Entities
! SUMMARY-   
! SUMMARY-  Entities Processed             Count
! SUMMARY-  ------------------             -----
! SUMMARY-  Part Attribute ..............:     5
! SUMMARY-  Component ...................:     2
! SUMMARY-                                 -----
! SUMMARY-  Total                              7
! STATUS-   Creating the UG part (Phase 3 of 3): 12-MAR-2025  9:44:59 PM
! INFO-     Filing Part ..: C:\Users\Clark\Desktop\WaterBlaster\ECE_445_WaterBlaster\cad_files\WaterBlasterV1.0\Pump\MDP-100-000_ASM
! SUMMARY-   
! SUMMARY-  Summary of Unigraphics Part Entities
! SUMMARY-   
! SUMMARY-  Entities Processed             Count
! SUMMARY-  ------------------             -----
! SUMMARY-  Part Attribute ..............:     5
! SUMMARY-  Component ...................:    47
! SUMMARY-                                 -----
! SUMMARY-  Total                             52
! STATUS-   Creating the UG part (Phase 3 of 3): 12-MAR-2025  9:44:59 PM
! INFO-     Filing Part ..: C:\Users\Clark\Desktop\WaterBlaster\ECE_445_WaterBlaster\cad_files\WaterBlasterV1.0\Pump\mdp-000-000.prt
! SUMMARY-   
! SUMMARY-  Summary of Unigraphics Part Entities
! SUMMARY-   
! SUMMARY-  Entities Processed             Count
! SUMMARY-  ------------------             -----
! SUMMARY-  Part Attribute ..............:     5
! SUMMARY-  Component ...................:     3
! SUMMARY-                                 -----
! SUMMARY-  Total                              8
! INFO-      
! INFO-     Total number of solids input for this translation       :        45
! INFO-      
! INFO-     Number of solids created without body validation faults :        45
! INFO-      
! INFO-     Number of solids created with body validation fault(s)  :         0
! INFO-      
! INFO-     Number of solids ending up as sheet bodies              :         0
! INFO-      
! INFO-     End of Translation: 12-MAR-2025  9:44:59 PM
! INFO-      
