STEP to UG
! INFO-     NX STEP AP214 - V2306.1700
! INFO-      
! INFO-     Start of Translation: 19-APR-2025  5:54:48 PM
! INFO-      
! STATUS-   Converting Part: C:\Users\Clark\Desktop\WaterBlaster\ECE_445_WaterBlaster\cad_files\LeakDetectionSensorV1 (1).step
! SUMMARY-   
! SUMMARY-    STEP Header Information
! SUMMARY-   
! SUMMARY-  Description      KiCad electronic assembly
! SUMMARY-  Imp_Level        2;1
! SUMMARY-  File_Name        LeakDetectionSensorV1.step
! SUMMARY-  Date             2025-04-18T22:49:15
! SUMMARY-  Author           Pcbnew
! SUMMARY-  Organization     Kicad
! SUMMARY-  Pre_Version      Open CASCADE STEP processor 7.8
! SUMMARY-  Orig_System      KiCad to STEP converter
! SUMMARY-  Authorization    Unknown
! SUMMARY-  Schema_ID        automotive_design
! SUMMARY-   
! SUMMARY-    Summary of STEP Entities
! SUMMARY-   
! SUMMARY-  Entity Type                                                   Count
! SUMMARY-  -----------                                                   ------
! SUMMARY-  advanced_brep_shape_representation .........................:      3
! SUMMARY-  advanced_face ..............................................:    203
! SUMMARY-  application_context ........................................:      1
! SUMMARY-  axis2_placement_3d .........................................:    297
! SUMMARY-  b_spline_curve_with_knots ..................................:      2
! SUMMARY-  b_spline_curve_with_knots_and_rational_b_spline_curve ......:      2
! SUMMARY-  b_spline_surface_with_knots_and_rational_b_spline_surface ..:      2
! SUMMARY-  cartesian_point ............................................:   1447
! SUMMARY-  circle .....................................................:     89
! SUMMARY-  closed_shell ...............................................:      5
! SUMMARY-  context_dependent_shape_representation .....................:      6
! SUMMARY-  cylindrical_surface ........................................:     44
! SUMMARY-  direction ..................................................:    990
! SUMMARY-  edge_curve .................................................:    489
! SUMMARY-  edge_loop ..................................................:    237
! SUMMARY-  face_bound .................................................:    237
! SUMMARY-  geometric_representation_context_and_global_uncertainty_a ..:      5
! SUMMARY-  item_defined_transformation ................................:      6
! SUMMARY-  length_unit_and_si_unit ....................................:      5
! SUMMARY-  line .......................................................:    396
! SUMMARY-  manifold_solid_brep ........................................:      5
! SUMMARY-  next_assembly_usage_occurrence .............................:      6
! SUMMARY-  oriented_edge ..............................................:    978
! SUMMARY-  plane ......................................................:    156
! SUMMARY-  plane_angle_unit_and_si_unit ...............................:      5
! SUMMARY-  product ....................................................:      5
! SUMMARY-  product_context ............................................:      5
! SUMMARY-  product_definition .........................................:      5
! SUMMARY-  product_definition_context .................................:      5
! SUMMARY-  product_definition_formation ...............................:      5
! SUMMARY-  product_definition_shape ...................................:     11
! SUMMARY-  product_related_product_category ...........................:      5
! SUMMARY-  representation_relationship_with_transformation_and_shape ..:      6
! SUMMARY-  shape_representation .......................................:      2
! SUMMARY-  si_unit_and_solid_angle_unit ...............................:      5
! SUMMARY-  toroidal_surface ...........................................:      1
! SUMMARY-  uncertainty_measure_with_unit ..............................:      5
! SUMMARY-  vector .....................................................:    396
! SUMMARY-  vertex_point ...............................................:    308
! SUMMARY-                                                               -------
! SUMMARY-  Total                                                           6380
! STATUS-    
! STATUS-   Converting to Output Form (Phase 2 of 3): 19-APR-2025 5:54:48 PM
! STATUS-    
! STATUS-    
! STATUS-   Generating UG geometry and placing them in parts
! STATUS-    
! STATUS-   Creating the UG part (Phase 3 of 3): 19-APR-2025  5:54:48 PM
! INFO-     Filing Part ..: C:\Users\Clark\Desktop\WaterBlaster\ECE_445_WaterBlaster\cad_files\LeakDetectionSensorV1_PCB
! SUMMARY-   
! SUMMARY-  Summary of Unigraphics Part Entities
! SUMMARY-   
! SUMMARY-  Entities Processed             Count
! SUMMARY-  ------------------             -----
! SUMMARY-  Solid/Sheet .................:     1
! SUMMARY-                                 -----
! SUMMARY-  Total                              1
! STATUS-   Creating the UG part (Phase 3 of 3): 19-APR-2025  5:54:48 PM
! INFO-     Filing Part ..: C:\Users\Clark\Desktop\WaterBlaster\ECE_445_WaterBlaster\cad_files\R_0603_1608Metric4886
! SUMMARY-   
! SUMMARY-  Summary of Unigraphics Part Entities
! SUMMARY-   
! SUMMARY-  Entities Processed             Count
! SUMMARY-  ------------------             -----
! SUMMARY-  Solid/Sheet .................:     1
! SUMMARY-                                 -----
! SUMMARY-  Total                              1
! STATUS-   Creating the UG part (Phase 3 of 3): 19-APR-2025  5:54:48 PM
! INFO-     Filing Part ..: C:\Users\Clark\Desktop\WaterBlaster\ECE_445_WaterBlaster\cad_files\436500315
! SUMMARY-   
! SUMMARY-  Summary of Unigraphics Part Entities
! SUMMARY-   
! SUMMARY-  Entities Processed             Count
! SUMMARY-  ------------------             -----
! SUMMARY-  Solid/Sheet .................:     1
! SUMMARY-                                 -----
! SUMMARY-  Total                              1
! STATUS-   Creating the UG part (Phase 3 of 3): 19-APR-2025  5:54:49 PM
! INFO-     Filing Part ..: C:\Users\Clark\Desktop\WaterBlaster\ECE_445_WaterBlaster\cad_files\TestPoint_Loop_D2.54mm_Drill1.5mm_Beaded
! SUMMARY-   
! SUMMARY-  Summary of Unigraphics Part Entities
! SUMMARY-   
! SUMMARY-  Entities Processed             Count
! SUMMARY-  ------------------             -----
! SUMMARY-  Solid/Sheet .................:     2
! SUMMARY-                                 -----
! SUMMARY-  Total                              2
! STATUS-   Creating the UG part (Phase 3 of 3): 19-APR-2025  5:54:49 PM
! INFO-     Filing Part ..: C:\Users\Clark\Desktop\WaterBlaster\ECE_445_WaterBlaster\cad_files\LeakDetectionSensorV1 _1__step.prt
! SUMMARY-   
! SUMMARY-  Summary of Unigraphics Part Entities
! SUMMARY-   
! SUMMARY-  Entities Processed             Count
! SUMMARY-  ------------------             -----
! SUMMARY-  Component ...................:     6
! SUMMARY-                                 -----
! SUMMARY-  Total                              6
! INFO-      
! INFO-     Total number of solids input for this translation       :         5
! INFO-      
! INFO-     Number of solids created without body validation faults :         5
! INFO-      
! INFO-     Number of solids created with body validation fault(s)  :         0
! INFO-      
! INFO-     Number of solids ending up as sheet bodies              :         0
! INFO-      
! INFO-     End of Translation: 19-APR-2025  5:54:49 PM
! INFO-      
