STEP to UG
! INFO-     NX STEP AP214 - V2306.1700
! INFO-      
! INFO-     Start of Translation: 19-APR-2025  5:55:18 PM
! INFO-      
! STATUS-   Converting Part: C:\Users\Clark\Desktop\WaterBlaster\ECE_445_WaterBlaster\cad_files\TriggerButton V1 (1).step
! SUMMARY-   
! SUMMARY-    STEP Header Information
! SUMMARY-   
! SUMMARY-  Description      KiCad electronic assembly
! SUMMARY-  Imp_Level        2;1
! SUMMARY-  File_Name        TriggerButton V1.step
! SUMMARY-  Date             2025-04-18T22:45:34
! SUMMARY-  Author           Pcbnew
! SUMMARY-  Organization     Kicad
! SUMMARY-  Pre_Version      Open CASCADE STEP processor 7.8
! SUMMARY-  Orig_System      KiCad to STEP converter
! SUMMARY-  Authorization    Unknown
! SUMMARY-  Schema_ID        automotive_design
! SUMMARY-   
! SUMMARY-    Summary of STEP Entities
! SUMMARY-   
! SUMMARY-  Entity Type                                                   Count
! SUMMARY-  -----------                                                   ------
! SUMMARY-  advanced_brep_shape_representation .........................:      2
! SUMMARY-  advanced_face ..............................................:    243
! SUMMARY-  application_context ........................................:      1
! SUMMARY-  axis1_placement ............................................:      8
! SUMMARY-  axis2_placement_3d .........................................:    359
! SUMMARY-  b_spline_curve_with_knots ..................................:      8
! SUMMARY-  cartesian_point ............................................:   1272
! SUMMARY-  circle .....................................................:    120
! SUMMARY-  closed_shell ...............................................:      8
! SUMMARY-  context_dependent_shape_representation .....................:      3
! SUMMARY-  cylindrical_surface ........................................:     50
! SUMMARY-  direction ..................................................:   1197
! SUMMARY-  edge_curve .................................................:    591
! SUMMARY-  edge_loop ..................................................:    287
! SUMMARY-  face_bound .................................................:    287
! SUMMARY-  geometric_representation_context_and_global_uncertainty_a ..:      4
! SUMMARY-  item_defined_transformation ................................:      3
! SUMMARY-  length_unit_and_si_unit ....................................:      4
! SUMMARY-  line .......................................................:    471
! SUMMARY-  manifold_solid_brep ........................................:      8
! SUMMARY-  next_assembly_usage_occurrence .............................:      3
! SUMMARY-  oriented_edge ..............................................:   1182
! SUMMARY-  plane ......................................................:    183
! SUMMARY-  plane_angle_unit_and_si_unit ...............................:      4
! SUMMARY-  product ....................................................:      4
! SUMMARY-  product_context ............................................:      4
! SUMMARY-  product_definition .........................................:      4
! SUMMARY-  product_definition_context .................................:      4
! SUMMARY-  product_definition_formation ...............................:      4
! SUMMARY-  product_definition_shape ...................................:      7
! SUMMARY-  product_related_product_category ...........................:      4
! SUMMARY-  representation_relationship_with_transformation_and_shape ..:      3
! SUMMARY-  shape_representation .......................................:      2
! SUMMARY-  si_unit_and_solid_angle_unit ...............................:      4
! SUMMARY-  surface_of_revolution ......................................:      8
! SUMMARY-  toroidal_surface ...........................................:      2
! SUMMARY-  uncertainty_measure_with_unit ..............................:      4
! SUMMARY-  vector .....................................................:    471
! SUMMARY-  vertex_point ...............................................:    378
! SUMMARY-                                                               -------
! SUMMARY-  Total                                                           7201
! STATUS-    
! STATUS-   Converting to Output Form (Phase 2 of 3): 19-APR-2025 5:55:18 PM
! STATUS-    
! STATUS-    
! STATUS-   Generating UG geometry and placing them in parts
! STATUS-    
! STATUS-   Creating the UG part (Phase 3 of 3): 19-APR-2025  5:55:18 PM
! INFO-     Filing Part ..: C:\Users\Clark\Desktop\WaterBlaster\ECE_445_WaterBlaster\cad_files\TriggerButton V1_PCB
! SUMMARY-   
! SUMMARY-  Summary of Unigraphics Part Entities
! SUMMARY-   
! SUMMARY-  Entities Processed             Count
! SUMMARY-  ------------------             -----
! SUMMARY-  Solid/Sheet .................:     1
! SUMMARY-                                 -----
! SUMMARY-  Total                              1
! STATUS-   Creating the UG part (Phase 3 of 3): 19-APR-2025  5:55:19 PM
! INFO-     Filing Part ..: C:\Users\Clark\Desktop\WaterBlaster\ECE_445_WaterBlaster\cad_files\436500227
! SUMMARY-   
! SUMMARY-  Summary of Unigraphics Part Entities
! SUMMARY-   
! SUMMARY-  Entities Processed             Count
! SUMMARY-  ------------------             -----
! SUMMARY-  Solid/Sheet .................:     1
! SUMMARY-                                 -----
! SUMMARY-  Total                              1
! STATUS-   Creating the UG part (Phase 3 of 3): 19-APR-2025  5:55:19 PM
! INFO-     Filing Part ..: C:\Users\Clark\Desktop\WaterBlaster\ECE_445_WaterBlaster\cad_files\PTS645SL43SMTR92 LFS
! SUMMARY-   
! SUMMARY-  Summary of Unigraphics Part Entities
! SUMMARY-   
! SUMMARY-  Entities Processed             Count
! SUMMARY-  ------------------             -----
! SUMMARY-  Solid/Sheet .................:     6
! SUMMARY-                                 -----
! SUMMARY-  Total                              6
! STATUS-   Creating the UG part (Phase 3 of 3): 19-APR-2025  5:55:19 PM
! INFO-     Filing Part ..: C:\Users\Clark\Desktop\WaterBlaster\ECE_445_WaterBlaster\cad_files\TriggerButton V1 _1__step.prt
! SUMMARY-   
! SUMMARY-  Summary of Unigraphics Part Entities
! SUMMARY-   
! SUMMARY-  Entities Processed             Count
! SUMMARY-  ------------------             -----
! SUMMARY-  Component ...................:     3
! SUMMARY-                                 -----
! SUMMARY-  Total                              3
! INFO-      
! INFO-     Total number of solids input for this translation       :         8
! INFO-      
! INFO-     Number of solids created without body validation faults :         8
! INFO-      
! INFO-     Number of solids created with body validation fault(s)  :         0
! INFO-      
! INFO-     Number of solids ending up as sheet bodies              :         0
! INFO-      
! INFO-     End of Translation: 19-APR-2025  5:55:19 PM
! INFO-      
