STEP to UG
! INFO-     NX STEP AP203 - V2306.1700
! INFO-      
! INFO-     Start of Translation: 12-MAR-2025  2:17:27 AM
! INFO-      
! STATUS-   Converting Part: Z:\Users\clarktaylor\Desktop\WaterBlaster\ECE_445_WaterBlaster\cad_files\WaterBlasterV1.0\NHD-0420CW-AB3.step
! SUMMARY-   
! SUMMARY-    STEP Header Information
! SUMMARY-   
! SUMMARY-  Description      STEP AP214
! SUMMARY-  Imp_Level        1
! SUMMARY-  File_Name        NHD-0420CW-AB3.STEP
! SUMMARY-  Date             2023-12-08T22:07:11
! SUMMARY-  Author           Unknown
! SUMMARY-  Organization     Unknown
! SUMMARY-  Pre_Version      SwSTEP 2.0
! SUMMARY-  Orig_System      SolidWorks 2021
! SUMMARY-  Authorization    Unknown
! SUMMARY-  Schema_ID        automotive_design
! SUMMARY-   
! SUMMARY-    Summary of STEP Entities
! SUMMARY-   
! SUMMARY-  Entity Type                                                   Count
! SUMMARY-  -----------                                                   ------
! SUMMARY-  advanced_face ..............................................:    866
! SUMMARY-  application_context ........................................:      2
! SUMMARY-  axis2_placement_3d .........................................:   1262
! SUMMARY-  cartesian_point ............................................:   4307
! SUMMARY-  circle .....................................................:    395
! SUMMARY-  closed_shell ...............................................:     85
! SUMMARY-  cylindrical_surface ........................................:    193
! SUMMARY-  direction ..................................................:   4197
! SUMMARY-  edge_curve .................................................:   2068
! SUMMARY-  edge_loop ..................................................:    966
! SUMMARY-  face_bound .................................................:    100
! SUMMARY-  face_outer_bound ...........................................:    866
! SUMMARY-  geometric_representation_context_and_global_uncertainty_a ..:     87
! SUMMARY-  length_unit_and_si_unit ....................................:     87
! SUMMARY-  line .......................................................:   1673
! SUMMARY-  manifold_solid_brep ........................................:     85
! SUMMARY-  oriented_edge ..............................................:   4136
! SUMMARY-  plane ......................................................:    667
! SUMMARY-  plane_angle_unit_and_si_unit ...............................:     87
! SUMMARY-  product ....................................................:      1
! SUMMARY-  product_context ............................................:      1
! SUMMARY-  product_definition .........................................:      1
! SUMMARY-  product_definition_context .................................:      1
! SUMMARY-  product_definition_formation_with_specified_source .........:      1
! SUMMARY-  product_definition_shape ...................................:      1
! SUMMARY-  product_related_product_category ...........................:      1
! SUMMARY-  si_unit_and_solid_angle_unit ...............................:     87
! SUMMARY-  toroidal_surface ...........................................:      6
! SUMMARY-  uncertainty_measure_with_unit ..............................:     87
! SUMMARY-  vector .....................................................:   1673
! SUMMARY-  vertex_point ...............................................:   1372
! SUMMARY-                                                               -------
! SUMMARY-  Total                                                          25361
! STATUS-    
! STATUS-   Converting to Output Form (Phase 2 of 3): 12-MAR-2025 2:17:27 AM
! STATUS-    
! STATUS-    
! STATUS-   Generating UG geometry and placing them in parts
! STATUS-    
! STATUS-   Creating the UG part (Phase 3 of 3): 12-MAR-2025  2:17:29 AM
! INFO-     Filing Part ..: Z:\Users\clarktaylor\Desktop\WaterBlaster\ECE_445_WaterBlaster\cad_files\WaterBlasterV1.0\NHD-0420CW-AB3.prt
! SUMMARY-   
! SUMMARY-  Summary of Unigraphics Part Entities
! SUMMARY-   
! SUMMARY-  Entities Processed             Count
! SUMMARY-  ------------------             -----
! SUMMARY-  Solid/Sheet .................:    85
! SUMMARY-                                 -----
! SUMMARY-  Total                             85
! INFO-      
! INFO-     Total number of solids input for this translation       :        85
! INFO-      
! INFO-     Number of solids created without body validation faults :        85
! INFO-      
! INFO-     Number of solids created with body validation fault(s)  :         0
! INFO-      
! INFO-     Number of solids ending up as sheet bodies              :         0
! INFO-      
! INFO-     End of Translation: 12-MAR-2025  2:17:30 AM
! INFO-      
STEP to UG
! INFO-     NX STEP AP203 - V2306.1700
! INFO-      
! INFO-     Start of Translation: 12-MAR-2025  2:27:55 AM
! INFO-      
! STATUS-   Converting Part: Z:\Users\clarktaylor\Desktop\WaterBlaster\ECE_445_WaterBlaster\cad_files\WaterBlasterV1.0\NHD-0420CW-AB3.step
! SUMMARY-   
! SUMMARY-    STEP Header Information
! SUMMARY-   
! SUMMARY-  Description      STEP AP214
! SUMMARY-  Imp_Level        1
! SUMMARY-  File_Name        NHD-0420CW-AB3.STEP
! SUMMARY-  Date             2023-12-08T22:07:11
! SUMMARY-  Author           Unknown
! SUMMARY-  Organization     Unknown
! SUMMARY-  Pre_Version      SwSTEP 2.0
! SUMMARY-  Orig_System      SolidWorks 2021
! SUMMARY-  Authorization    Unknown
! SUMMARY-  Schema_ID        automotive_design
! SUMMARY-   
! SUMMARY-    Summary of STEP Entities
! SUMMARY-   
! SUMMARY-  Entity Type                                                   Count
! SUMMARY-  -----------                                                   ------
! SUMMARY-  advanced_face ..............................................:    866
! SUMMARY-  application_context ........................................:      2
! SUMMARY-  axis2_placement_3d .........................................:   1262
! SUMMARY-  cartesian_point ............................................:   4307
! SUMMARY-  circle .....................................................:    395
! SUMMARY-  closed_shell ...............................................:     85
! SUMMARY-  cylindrical_surface ........................................:    193
! SUMMARY-  direction ..................................................:   4197
! SUMMARY-  edge_curve .................................................:   2068
! SUMMARY-  edge_loop ..................................................:    966
! SUMMARY-  face_bound .................................................:    100
! SUMMARY-  face_outer_bound ...........................................:    866
! SUMMARY-  geometric_representation_context_and_global_uncertainty_a ..:     87
! SUMMARY-  length_unit_and_si_unit ....................................:     87
! SUMMARY-  line .......................................................:   1673
! SUMMARY-  manifold_solid_brep ........................................:     85
! SUMMARY-  oriented_edge ..............................................:   4136
! SUMMARY-  plane ......................................................:    667
! SUMMARY-  plane_angle_unit_and_si_unit ...............................:     87
! SUMMARY-  product ....................................................:      1
! SUMMARY-  product_context ............................................:      1
! SUMMARY-  product_definition .........................................:      1
! SUMMARY-  product_definition_context .................................:      1
! SUMMARY-  product_definition_formation_with_specified_source .........:      1
! SUMMARY-  product_definition_shape ...................................:      1
! SUMMARY-  product_related_product_category ...........................:      1
! SUMMARY-  si_unit_and_solid_angle_unit ...............................:     87
! SUMMARY-  toroidal_surface ...........................................:      6
! SUMMARY-  uncertainty_measure_with_unit ..............................:     87
! SUMMARY-  vector .....................................................:   1673
! SUMMARY-  vertex_point ...............................................:   1372
! SUMMARY-                                                               -------
! SUMMARY-  Total                                                          25361
! STATUS-    
! STATUS-   Converting to Output Form (Phase 2 of 3): 12-MAR-2025 2:27:56 AM
! STATUS-    
! STATUS-    
! STATUS-   Generating UG geometry and placing them in parts
! STATUS-    
! STATUS-   Creating the UG part (Phase 3 of 3): 12-MAR-2025  2:27:57 AM
! INFO-     Filing Part ..: Z:\Users\clarktaylor\Desktop\WaterBlaster\ECE_445_WaterBlaster\cad_files\WaterBlasterV1.0\NHD-0420CW-AB3.prt
! SUMMARY-   
! SUMMARY-  Summary of Unigraphics Part Entities
! SUMMARY-   
! SUMMARY-  Entities Processed             Count
! SUMMARY-  ------------------             -----
! SUMMARY-  Solid/Sheet .................:    85
! SUMMARY-                                 -----
! SUMMARY-  Total                             85
! INFO-      
! INFO-     Total number of solids input for this translation       :        85
! INFO-      
! INFO-     Number of solids created without body validation faults :        85
! INFO-      
! INFO-     Number of solids created with body validation fault(s)  :         0
! INFO-      
! INFO-     Number of solids ending up as sheet bodies              :         0
! INFO-      
! INFO-     End of Translation: 12-MAR-2025  2:27:58 AM
! INFO-      
